#!/bin/sh
TARGET_URL="https://www.ipdeny.com/ipblocks/data/countries/vn.zone"
TARGET_INTERFACE='warp'
TARGET_NFTSET_4="pbr_${TARGET_INTERFACE}_4_dst_ip_user"
TARGET_NFTSET_6="pbr_${TARGET_INTERFACE}_6_dst_ip_user"
TARGET_TABLE='inet fw4'
TARGET_CUSTOM='VN'
TARGET_DL_FILE_4="/var/pbr_tmp_EDIT_${TARGET_CUSTOM}.ipv4"
TARGET_DL_FILE_6="/var/pbr_tmp_EDIT_${TARGET_CUSTOM}.ipv6"

_ret=0

if [ ! -s "$TARGET_DL_FILE_4" ]; then
		uclient-fetch --no-check-certificate -qO- "$TARGET_URL" 2>/dev/null | sed -n 's/[0-9]\{1,3\}\.[0-9]\{1,3\}\.[0-9]\{1,3\}\.[0-9]\{1,3\}\/[0-9]\{1,\}/&/p' > "$TARGET_DL_FILE_4"
fi

if [ -s "$TARGET_DL_FILE_4" ]; then
	params=
	while read -r p; do params="${params:+$params, }${p}"; done < "$TARGET_DL_FILE_4"
	[ -n "$params" ] && nft "add element $TARGET_TABLE $TARGET_NFTSET_4 { $params }" || _ret=1
fi

if [ -n "$TARGET_DL_FILE_6" ] && [ ! -s "$TARGET_DL_FILE_6" ]; then
		uclient-fetch --no-check-certificate -qO- "$TARGET_URL" 2>/dev/null | sed -n 's/.*::.*/&/p' > "$TARGET_DL_FILE_6"
fi

if [ -s "$TARGET_DL_FILE_6" ]; then
	params=
	while read -r p; do params="${params:+$params, }${p}"; done < "$TARGET_DL_FILE_6"
	[ -n "$params" ] && nft "add element $TARGET_TABLE $TARGET_NFTSET_6 { $params }" || _ret=1
fi
return $_ret
